<?xml version="1.0" encoding="UTF-8"?>
<!-- Generated by org.testng.reporters.JUnitReportReporter -->
<testsuite hostname="DESKTOP-ODDFSPD" failures="0" tests="2" name="testcases.TC_003_CreateAccountPage" time="26.725" errors="0" timestamp="2024-09-29T20:51:09 IST" skipped="0">
  <testcase classname="testcases.TC_003_CreateAccountPage" name="runCreateAccount" time="12.705"/>
  <system-out/>
  <testcase classname="testcases.TC_003_CreateAccountPage" name="runCreateAccount" time="14.020"/>
  <system-out/>
</testsuite> <!-- testcases.TC_003_CreateAccountPage -->
