<?xml version="1.0" encoding="UTF-8"?>
<!-- Generated by org.testng.reporters.JUnitReportReporter -->
<testsuite hostname="DESKTOP-ODDFSPD" failures="0" tests="1" name="testcases.TC_001_LoginPage" time="56.878" errors="0" timestamp="2024-10-10T20:41:42 IST" skipped="0">
  <testcase classname="testcases.TC_001_LoginPage" name="runCreateLead" time="56.878"/>
  <system-out/>
</testsuite> <!-- testcases.TC_001_LoginPage -->
