<?xml version="1.0" encoding="UTF-8"?>
<!-- Generated by org.testng.reporters.JUnitReportReporter -->
<testsuite hostname="DESKTOP-ODDFSPD" failures="0" tests="2" name="testcases.TC_002_CreateLeadPage" time="47.283" errors="0" timestamp="2024-10-24T13:18:11 IST" skipped="0">
  <testcase classname="testcases.TC_002_CreateLeadPage" name="runCreateLeadPage" time="30.985"/>
  <system-out/>
  <testcase classname="testcases.TC_002_CreateLeadPage" name="runCreateLeadPage" time="16.298"/>
  <system-out/>
</testsuite> <!-- testcases.TC_002_CreateLeadPage -->
