<?xml version="1.0" encoding="UTF-8"?>
<!-- Generated by org.testng.reporters.JUnitReportReporter -->
<testsuite hostname="DESKTOP-ODDFSPD" failures="0" tests="1" name="testcases.TC_001_LoginPage" time="33.058" errors="0" timestamp="2024-10-05T20:02:22 IST" skipped="0">
  <testcase classname="testcases.TC_001_LoginPage" name="runLoginPage" time="33.058"/>
  <system-out/>
</testsuite> <!-- testcases.TC_001_LoginPage -->
