<?xml version="1.0" encoding="UTF-8"?>
<!-- Generated by org.testng.reporters.JUnitReportReporter -->
<testsuite hostname="DESKTOP-ODDFSPD" failures="0" tests="1" name="testcases.TC_003_CreateAccountPage" time="17.613" errors="0" timestamp="2024-10-05T20:04:38 IST" skipped="0">
  <testcase classname="testcases.TC_003_CreateAccountPage" name="runCreateAccount" time="17.613"/>
  <system-out/>
</testsuite> <!-- testcases.TC_003_CreateAccountPage -->
