<?xml version="1.0" encoding="UTF-8"?>
<!-- Generated by org.testng.reporters.JUnitReportReporter -->
<testsuite hostname="DESKTOP-ODDFSPD" failures="0" tests="1" name="testcases.TC_002_Logout" time="16.786" errors="0" timestamp="2024-10-05T20:02:46 IST" skipped="0">
  <testcase classname="testcases.TC_002_Logout" name="logoutRun" time="16.786"/>
  <system-out/>
</testsuite> <!-- testcases.TC_002_Logout -->
