<?xml version="1.0" encoding="UTF-8"?>
<!-- Generated by org.testng.reporters.JUnitReportReporter -->
<testsuite hostname="DESKTOP-ODDFSPD" failures="0" tests="1" name="testcases.TC_002_Logout" time="62.463" errors="0" timestamp="2024-09-26T18:45:56 IST" skipped="0">
  <testcase classname="testcases.TC_002_Logout" name="logoutRun" time="62.463"/>
  <system-out/>
</testsuite> <!-- testcases.TC_002_Logout -->
