<?xml version="1.0" encoding="UTF-8"?>
<!-- Generated by org.testng.reporters.JUnitReportReporter -->
<testsuite hostname="DESKTOP-ODDFSPD" failures="0" tests="1" name="testcases.TC_003_CreateAccountPage" time="13.771" errors="0" timestamp="2024-09-25T16:46:25 IST" skipped="0">
  <testcase classname="testcases.TC_003_CreateAccountPage" name="runCreateAccount" time="13.771"/>
  <system-out/>
</testsuite> <!-- testcases.TC_003_CreateAccountPage -->
